d:\archimède\archimedesimulation\archimedesimulation\x64\debug\vc120.pdb
d:\archimède\archimedesimulation\archimedesimulation\x64\debug\vc120.idb
d:\archimède\archimedesimulation\archimedesimulation\x64\debug\arbrederendu.obj
d:\archimède\archimedesimulation\archimedesimulation\x64\debug\environnement.obj
d:\archimède\archimedesimulation\archimedesimulation\x64\debug\noeudcomposite.obj
d:\archimède\archimedesimulation\archimedesimulation\x64\debug\noeudsimple.obj
d:\archimède\archimedesimulation\archimedesimulation\x64\debug\scene.obj
d:\archimède\archimedesimulation\archimedesimulation\x64\debug\scenesimulateur.obj
d:\archimède\archimedesimulation\archimedesimulation\x64\debug\simulation.obj
d:\archimède\archimedesimulation\archimedesimulation\x64\debug\sousmarin.obj
d:\archimède\archimedesimulation\archimedesimulation\x64\debug\main.obj
d:\archimède\archimedesimulation\archimedesimulation\x64\debug\visiteurabstrait.obj
d:\archimède\archimedesimulation\archimedesimulation\x64\debug\visiteurcollision.obj
d:\archimède\archimedesimulation\x64\debug\archimedesimulation.pdb
d:\archimède\archimedesimulation\archimedesimulation\x64\debug\archimed.5d34fd48.tlog\cl.command.1.tlog
d:\archimède\archimedesimulation\archimedesimulation\x64\debug\archimed.5d34fd48.tlog\cl.read.1.tlog
d:\archimède\archimedesimulation\archimedesimulation\x64\debug\archimed.5d34fd48.tlog\cl.write.1.tlog
d:\archimède\archimedesimulation\archimedesimulation\x64\debug\archimed.5d34fd48.tlog\link-cvtres.read.1.tlog
d:\archimède\archimedesimulation\archimedesimulation\x64\debug\archimed.5d34fd48.tlog\link-cvtres.write.1.tlog
d:\archimède\archimedesimulation\archimedesimulation\x64\debug\archimed.5d34fd48.tlog\link-rc.read.1.tlog
d:\archimède\archimedesimulation\archimedesimulation\x64\debug\archimed.5d34fd48.tlog\link-rc.write.1.tlog
d:\archimède\archimedesimulation\archimedesimulation\x64\debug\archimed.5d34fd48.tlog\link.command.1.tlog
d:\archimède\archimedesimulation\archimedesimulation\x64\debug\archimed.5d34fd48.tlog\link.read.1.tlog
d:\archimède\archimedesimulation\archimedesimulation\x64\debug\archimed.5d34fd48.tlog\link.write.1.tlog
